{"/workspaces/javascript-node/meteo/src/tiempo.js": {"path":"/workspaces/javascript-node/meteo/src/tiempo.js","statementMap":{"0":{"start":{"line":1,"column":0},"end":{"line":1,"column":31}},"1":{"start":{"line":3,"column":14},"end":{"line":3,"column":35}},"2":{"start":{"line":8,"column":30},"end":{"line":19,"column":1}},"3":{"start":{"line":9,"column":17},"end":{"line":9,"column":120}},"4":{"start":{"line":10,"column":2},"end":{"line":18,"column":3}},"5":{"start":{"line":11,"column":25},"end":{"line":11,"column":44}},"6":{"start":{"line":13,"column":31},"end":{"line":13,"column":56}},"7":{"start":{"line":14,"column":4},"end":{"line":14,"column":30}},"8":{"start":{"line":16,"column":4},"end":{"line":16,"column":45}},"9":{"start":{"line":17,"column":4},"end":{"line":17,"column":16}},"10":{"start":{"line":21,"column":26},"end":{"line":35,"column":2}},"11":{"start":{"line":37,"column":27},"end":{"line":48,"column":1}},"12":{"start":{"line":38,"column":2},"end":{"line":46,"column":3}},"13":{"start":{"line":39,"column":4},"end":{"line":45,"column":5}},"14":{"start":{"line":40,"column":6},"end":{"line":42,"column":7}},"15":{"start":{"line":41,"column":8},"end":{"line":41,"column":27}},"16":{"start":{"line":43,"column":11},"end":{"line":45,"column":5}},"17":{"start":{"line":44,"column":6},"end":{"line":44,"column":25}},"18":{"start":{"line":47,"column":2},"end":{"line":47,"column":32}},"19":{"start":{"line":50,"column":31},"end":{"line":66,"column":1}},"20":{"start":{"line":51,"column":2},"end":{"line":53,"column":3}},"21":{"start":{"line":52,"column":4},"end":{"line":52,"column":36}},"22":{"start":{"line":55,"column":2},"end":{"line":55,"column":77}},"23":{"start":{"line":55,"column":58},"end":{"line":55,"column":77}},"24":{"start":{"line":56,"column":2},"end":{"line":56,"column":79}},"25":{"start":{"line":56,"column":57},"end":{"line":56,"column":79}},"26":{"start":{"line":57,"column":2},"end":{"line":57,"column":76}},"27":{"start":{"line":57,"column":58},"end":{"line":57,"column":76}},"28":{"start":{"line":58,"column":2},"end":{"line":59,"column":26}},"29":{"start":{"line":59,"column":4},"end":{"line":59,"column":26}},"30":{"start":{"line":60,"column":2},"end":{"line":60,"column":76}},"31":{"start":{"line":60,"column":59},"end":{"line":60,"column":76}},"32":{"start":{"line":61,"column":2},"end":{"line":62,"column":27}},"33":{"start":{"line":62,"column":4},"end":{"line":62,"column":27}},"34":{"start":{"line":63,"column":2},"end":{"line":63,"column":78}},"35":{"start":{"line":63,"column":59},"end":{"line":63,"column":78}},"36":{"start":{"line":64,"column":2},"end":{"line":65,"column":27}},"37":{"start":{"line":65,"column":4},"end":{"line":65,"column":27}},"38":{"start":{"line":68,"column":31},"end":{"line":72,"column":1}},"39":{"start":{"line":69,"column":2},"end":{"line":71,"column":46}},"40":{"start":{"line":74,"column":27},"end":{"line":81,"column":1}},"41":{"start":{"line":75,"column":2},"end":{"line":77,"column":3}},"42":{"start":{"line":76,"column":4},"end":{"line":76,"column":54}},"43":{"start":{"line":78,"column":2},"end":{"line":80,"column":40}},"44":{"start":{"line":84,"column":0},"end":{"line":90,"column":2}}},"fnMap":{"0":{"name":"(anonymous_0)","decl":{"start":{"line":1,"column":22},"end":{"line":1,"column":23}},"loc":{"start":{"line":1,"column":28},"end":{"line":1,"column":30}},"line":1},"1":{"name":"(anonymous_1)","decl":{"start":{"line":8,"column":30},"end":{"line":8,"column":31}},"loc":{"start":{"line":8,"column":59},"end":{"line":19,"column":1}},"line":8},"2":{"name":"(anonymous_2)","decl":{"start":{"line":37,"column":27},"end":{"line":37,"column":28}},"loc":{"start":{"line":37,"column":39},"end":{"line":48,"column":1}},"line":37},"3":{"name":"(anonymous_3)","decl":{"start":{"line":50,"column":31},"end":{"line":50,"column":32}},"loc":{"start":{"line":50,"column":52},"end":{"line":66,"column":1}},"line":50},"4":{"name":"(anonymous_4)","decl":{"start":{"line":68,"column":31},"end":{"line":68,"column":32}},"loc":{"start":{"line":68,"column":52},"end":{"line":72,"column":1}},"line":68},"5":{"name":"(anonymous_5)","decl":{"start":{"line":74,"column":27},"end":{"line":74,"column":28}},"loc":{"start":{"line":74,"column":44},"end":{"line":81,"column":1}},"line":74}},"branchMap":{"0":{"loc":{"start":{"line":39,"column":4},"end":{"line":45,"column":5}},"type":"if","locations":[{"start":{"line":39,"column":4},"end":{"line":45,"column":5}},{"start":{"line":43,"column":11},"end":{"line":45,"column":5}}],"line":39},"1":{"loc":{"start":{"line":40,"column":6},"end":{"line":42,"column":7}},"type":"if","locations":[{"start":{"line":40,"column":6},"end":{"line":42,"column":7}},{"start":{},"end":{}}],"line":40},"2":{"loc":{"start":{"line":43,"column":11},"end":{"line":45,"column":5}},"type":"if","locations":[{"start":{"line":43,"column":11},"end":{"line":45,"column":5}},{"start":{},"end":{}}],"line":43},"3":{"loc":{"start":{"line":51,"column":2},"end":{"line":53,"column":3}},"type":"if","locations":[{"start":{"line":51,"column":2},"end":{"line":53,"column":3}},{"start":{},"end":{}}],"line":51},"4":{"loc":{"start":{"line":51,"column":6},"end":{"line":51,"column":50}},"type":"binary-expr","locations":[{"start":{"line":51,"column":6},"end":{"line":51,"column":25}},{"start":{"line":51,"column":29},"end":{"line":51,"column":50}}],"line":51},"5":{"loc":{"start":{"line":55,"column":2},"end":{"line":55,"column":77}},"type":"if","locations":[{"start":{"line":55,"column":2},"end":{"line":55,"column":77}},{"start":{},"end":{}}],"line":55},"6":{"loc":{"start":{"line":55,"column":6},"end":{"line":55,"column":56}},"type":"binary-expr","locations":[{"start":{"line":55,"column":6},"end":{"line":55,"column":30}},{"start":{"line":55,"column":34},"end":{"line":55,"column":56}}],"line":55},"7":{"loc":{"start":{"line":56,"column":2},"end":{"line":56,"column":79}},"type":"if","locations":[{"start":{"line":56,"column":2},"end":{"line":56,"column":79}},{"start":{},"end":{}}],"line":56},"8":{"loc":{"start":{"line":56,"column":6},"end":{"line":56,"column":55}},"type":"binary-expr","locations":[{"start":{"line":56,"column":6},"end":{"line":56,"column":29}},{"start":{"line":56,"column":33},"end":{"line":56,"column":55}}],"line":56},"9":{"loc":{"start":{"line":57,"column":2},"end":{"line":57,"column":76}},"type":"if","locations":[{"start":{"line":57,"column":2},"end":{"line":57,"column":76}},{"start":{},"end":{}}],"line":57},"10":{"loc":{"start":{"line":57,"column":6},"end":{"line":57,"column":56}},"type":"binary-expr","locations":[{"start":{"line":57,"column":6},"end":{"line":57,"column":29}},{"start":{"line":57,"column":33},"end":{"line":57,"column":56}}],"line":57},"11":{"loc":{"start":{"line":58,"column":2},"end":{"line":59,"column":26}},"type":"if","locations":[{"start":{"line":58,"column":2},"end":{"line":59,"column":26}},{"start":{},"end":{}}],"line":58},"12":{"loc":{"start":{"line":58,"column":6},"end":{"line":58,"column":57}},"type":"binary-expr","locations":[{"start":{"line":58,"column":6},"end":{"line":58,"column":30}},{"start":{"line":58,"column":34},"end":{"line":58,"column":57}}],"line":58},"13":{"loc":{"start":{"line":60,"column":2},"end":{"line":60,"column":76}},"type":"if","locations":[{"start":{"line":60,"column":2},"end":{"line":60,"column":76}},{"start":{},"end":{}}],"line":60},"14":{"loc":{"start":{"line":60,"column":6},"end":{"line":60,"column":57}},"type":"binary-expr","locations":[{"start":{"line":60,"column":6},"end":{"line":60,"column":30}},{"start":{"line":60,"column":34},"end":{"line":60,"column":57}}],"line":60},"15":{"loc":{"start":{"line":61,"column":2},"end":{"line":62,"column":27}},"type":"if","locations":[{"start":{"line":61,"column":2},"end":{"line":62,"column":27}},{"start":{},"end":{}}],"line":61},"16":{"loc":{"start":{"line":61,"column":6},"end":{"line":61,"column":57}},"type":"binary-expr","locations":[{"start":{"line":61,"column":6},"end":{"line":61,"column":30}},{"start":{"line":61,"column":34},"end":{"line":61,"column":57}}],"line":61},"17":{"loc":{"start":{"line":63,"column":2},"end":{"line":63,"column":78}},"type":"if","locations":[{"start":{"line":63,"column":2},"end":{"line":63,"column":78}},{"start":{},"end":{}}],"line":63},"18":{"loc":{"start":{"line":63,"column":6},"end":{"line":63,"column":57}},"type":"binary-expr","locations":[{"start":{"line":63,"column":6},"end":{"line":63,"column":30}},{"start":{"line":63,"column":34},"end":{"line":63,"column":57}}],"line":63},"19":{"loc":{"start":{"line":64,"column":2},"end":{"line":65,"column":27}},"type":"if","locations":[{"start":{"line":64,"column":2},"end":{"line":65,"column":27}},{"start":{},"end":{}}],"line":64},"20":{"loc":{"start":{"line":64,"column":6},"end":{"line":64,"column":57}},"type":"binary-expr","locations":[{"start":{"line":64,"column":6},"end":{"line":64,"column":30}},{"start":{"line":64,"column":34},"end":{"line":64,"column":57}}],"line":64},"21":{"loc":{"start":{"line":69,"column":9},"end":{"line":71,"column":45}},"type":"cond-expr","locations":[{"start":{"line":70,"column":6},"end":{"line":70,"column":47}},{"start":{"line":71,"column":6},"end":{"line":71,"column":45}}],"line":69},"22":{"loc":{"start":{"line":75,"column":2},"end":{"line":77,"column":3}},"type":"if","locations":[{"start":{"line":75,"column":2},"end":{"line":77,"column":3}},{"start":{},"end":{}}],"line":75},"23":{"loc":{"start":{"line":75,"column":6},"end":{"line":75,"column":55}},"type":"binary-expr","locations":[{"start":{"line":75,"column":6},"end":{"line":75,"column":31}},{"start":{"line":75,"column":35},"end":{"line":75,"column":55}}],"line":75},"24":{"loc":{"start":{"line":78,"column":9},"end":{"line":80,"column":39}},"type":"cond-expr","locations":[{"start":{"line":79,"column":6},"end":{"line":79,"column":37}},{"start":{"line":80,"column":6},"end":{"line":80,"column":39}}],"line":78}},"s":{"0":1,"1":1,"2":1,"3":1,"4":1,"5":1,"6":1,"7":1,"8":0,"9":0,"10":1,"11":1,"12":4,"13":29,"14":21,"15":2,"16":8,"17":1,"18":1,"19":1,"20":9,"21":1,"22":8,"23":1,"24":7,"25":1,"26":6,"27":1,"28":5,"29":1,"30":4,"31":1,"32":3,"33":1,"34":2,"35":1,"36":1,"37":1,"38":1,"39":2,"40":1,"41":3,"42":1,"43":2,"44":1},"f":{"0":0,"1":1,"2":4,"3":9,"4":2,"5":3},"b":{"0":[21,8],"1":[2,19],"2":[1,7],"3":[1,8],"4":[9,8],"5":[1,7],"6":[8,8],"7":[1,6],"8":[7,7],"9":[1,5],"10":[6,6],"11":[1,4],"12":[5,5],"13":[1,3],"14":[4,4],"15":[1,2],"16":[3,3],"17":[1,1],"18":[2,2],"19":[1,0],"20":[1,1],"21":[1,1],"22":[1,2],"23":[3,3],"24":[1,1]},"_coverageSchema":"1a1c01bbd47fc00a2c39e90264f33305004495a9","hash":"84223e3a254bf1be14867e0094300264907a0b49"}
}
