TN:
SF:src/tiempo.js
FN:1,(anonymous_0)
FN:8,(anonymous_1)
FN:37,(anonymous_2)
FN:50,(anonymous_3)
FN:68,(anonymous_4)
FN:74,(anonymous_5)
FNF:6
FNH:5
FNDA:0,(anonymous_0)
FNDA:1,(anonymous_1)
FNDA:4,(anonymous_2)
FNDA:9,(anonymous_3)
FNDA:2,(anonymous_4)
FNDA:3,(anonymous_5)
DA:1,1
DA:3,1
DA:8,1
DA:9,1
DA:10,1
DA:11,1
DA:13,1
DA:14,1
DA:16,0
DA:17,0
DA:21,1
DA:37,1
DA:38,4
DA:39,29
DA:40,21
DA:41,2
DA:43,8
DA:44,1
DA:47,1
DA:50,1
DA:51,9
DA:52,1
DA:55,8
DA:56,7
DA:57,6
DA:58,5
DA:59,1
DA:60,4
DA:61,3
DA:62,1
DA:63,2
DA:64,1
DA:65,1
DA:68,1
DA:69,2
DA:74,1
DA:75,3
DA:76,1
DA:78,2
DA:84,1
LF:40
LH:38
BRDA:39,0,0,21
BRDA:39,0,1,8
BRDA:40,1,0,2
BRDA:40,1,1,19
BRDA:43,2,0,1
BRDA:43,2,1,7
BRDA:51,3,0,1
BRDA:51,3,1,8
BRDA:51,4,0,9
BRDA:51,4,1,8
BRDA:55,5,0,1
BRDA:55,5,1,7
BRDA:55,6,0,8
BRDA:55,6,1,8
BRDA:56,7,0,1
BRDA:56,7,1,6
BRDA:56,8,0,7
BRDA:56,8,1,7
BRDA:57,9,0,1
BRDA:57,9,1,5
BRDA:57,10,0,6
BRDA:57,10,1,6
BRDA:58,11,0,1
BRDA:58,11,1,4
BRDA:58,12,0,5
BRDA:58,12,1,5
BRDA:60,13,0,1
BRDA:60,13,1,3
BRDA:60,14,0,4
BRDA:60,14,1,4
BRDA:61,15,0,1
BRDA:61,15,1,2
BRDA:61,16,0,3
BRDA:61,16,1,3
BRDA:63,17,0,1
BRDA:63,17,1,1
BRDA:63,18,0,2
BRDA:63,18,1,2
BRDA:64,19,0,1
BRDA:64,19,1,0
BRDA:64,20,0,1
BRDA:64,20,1,1
BRDA:69,21,0,1
BRDA:69,21,1,1
BRDA:75,22,0,1
BRDA:75,22,1,2
BRDA:75,23,0,3
BRDA:75,23,1,3
BRDA:78,24,0,1
BRDA:78,24,1,1
BRF:50
BRH:49
end_of_record
